
                            < M A T L A B (R) >
                  Copyright 1984-2019 The MathWorks, Inc.
              R2019b Update 1 (9.7.0.1216025) 64-bit (glnxa64)
                             September 26, 2019

 
To get started, type doc.
For product information, visit www.mathworks.com.
 
- program start -
______________________________________________________
  TORNADO  Version 135  Release version          
  build 2010 03 20 14:07 UTC                         
  Main Menu                                          
______________________________________________________
 Input operations. 
	[1]. Aircraft geometry setup
	[2]. Flight condition setup
	[3]. Change rudder setting
	[4]. Move reference point 
 
 Lattice operations. 
	[5]. Generate lattice. 
	     
 Computation operations.
 	[6]. Processor access
 
 Post processing and interactive operations.
	[7]. Post processing, Result/Plot functions
	[8]. Keyboard access
 
 Auxiliary operations.
   [10]. About / Release Info
   [100]. Help files
	[0]. Exit Tornado
 
	Please enter choice from above:  
______________________________________________________
                                                    
  Main Menu                                         
      |---->State setup menu                        
"                                                    
______________________________________________________
 
	[1]. Define new state 
	[2]. Load state
    [3]. Save current state
 
    [4]. Change angle of attack
 
	[0]. Back / up menu
 
 Please enter choice from above:  
 
Alpha [deg]: Beta [deg]: Roll angular velocity [deg/s]: Pitch angular velocity [deg/s]: Yaw angular velocity [deg/s]: Angle of attack time derivative, (Alpha_dot), [deg/s]:Angle of sideslip time derivative, (Beta_dot), [deg/s]: 
******************
Enter which type of speed you whish to enter: 
 
 International units:
 
 [1]. True airspeed (TAS) at SSL             [m/s]
 [2]. True airspeed (TAS) at altitude        [m/s, m]
 [3]. Equivalent airspeed (EAS) at altitude  [m, m/s]
 [4]. Calibrated air speed (CAS) at altitude [m, m/s] 
 [5]. Mach number at altitude                [-, m] 
 
 Imperial Units:
 
 [6]. True airspeed (TAS) at altitude        [kts, ft]
 [7]. Equivalent airspeed (EAS) at altitude  [kts, ft]
 [8]. Calibrated air speed (CAS) at altitude [kts, ft] 
 [9]. Mach number at altitude                [-, ft] 
 
 
         If unsure, select option number one.
 
       Type of speed selection:  
True airspeed [m/s]:  
Caution, only use this option if you are sure, really sure, what you are doing.
Apply Prandtl-Glauert Correction [0 1]:  
______________________________________________________
  TORNADO  Version 135  Release version          
  build 2010 03 20 14:07 UTC                         
  Main Menu                                          
______________________________________________________
 Input operations. 
	[1]. Aircraft geometry setup
	[2]. Flight condition setup
	[3]. Change rudder setting
	[4]. Move reference point 
 
 Lattice operations. 
	[5]. Generate lattice. 
	     
 Computation operations.
 	[6]. Processor access
 
 Post processing and interactive operations.
	[7]. Post processing, Result/Plot functions
	[8]. Keyboard access
 
 Auxiliary operations.
   [10]. About / Release Info
   [100]. Help files
	[0]. Exit Tornado
 
	Please enter choice from above:  
______________________________________________________
                                                    
  Main Menu                                         
      |---->State setup menu                        
"                                                    
______________________________________________________
 
	[1]. Define new state 
	[2]. Load state
    [3]. Save current state
 
    [4]. Change angle of attack
 
	[0]. Back / up menu
 
 Please enter choice from above:  
 
 
Save state as file:  
*** File Saved. ****
______________________________________________________
  TORNADO  Version 135  Release version          
  build 2010 03 20 14:07 UTC                         
  Main Menu                                          
______________________________________________________
 Input operations. 
	[1]. Aircraft geometry setup
	[2]. Flight condition setup
	[3]. Change rudder setting
	[4]. Move reference point 
 
 Lattice operations. 
	[5]. Generate lattice. 
	     
 Computation operations.
 	[6]. Processor access
 
 Post processing and interactive operations.
	[7]. Post processing, Result/Plot functions
	[8]. Keyboard access
 
 Auxiliary operations.
   [10]. About / Release Info
   [100]. Help files
	[0]. Exit Tornado
 
	Please enter choice from above: >> 